c:\users\rmaple\onedrive - neumont college of computer science\dev\csc195\csc195\class\debug\vc142.pdb
c:\users\rmaple\onedrive - neumont college of computer science\dev\csc195\csc195\class\debug\vc142.idb
c:\users\rmaple\onedrive - neumont college of computer science\dev\csc195\csc195\class\debug\products.obj
c:\users\rmaple\onedrive - neumont college of computer science\dev\csc195\csc195\class\debug\product.obj
c:\users\rmaple\onedrive - neumont college of computer science\dev\csc195\csc195\class\debug\movie.obj
c:\users\rmaple\onedrive - neumont college of computer science\dev\csc195\csc195\class\debug\main.obj
c:\users\rmaple\onedrive - neumont college of computer science\dev\csc195\csc195\debug\store.ilk
c:\users\rmaple\onedrive - neumont college of computer science\dev\csc195\csc195\debug\store.exe
c:\users\rmaple\onedrive - neumont college of computer science\dev\csc195\csc195\debug\store.pdb
c:\users\rmaple\onedrive - neumont college of computer science\dev\csc195\csc195\store\debug\main.obj
c:\users\rmaple\onedrive - neumont college of computer science\dev\csc195\csc195\store\debug\movie.obj
c:\users\rmaple\onedrive - neumont college of computer science\dev\csc195\csc195\store\debug\product.obj
c:\users\rmaple\onedrive - neumont college of computer science\dev\csc195\csc195\store\debug\products.obj
c:\users\rmaple\onedrive - neumont college of computer science\dev\csc195\csc195\store\debug\vc142.idb
c:\users\rmaple\onedrive - neumont college of computer science\dev\csc195\csc195\store\debug\vc142.pdb
c:\users\rmaple\onedrive - neumont college of computer science\dev\csc195\csc195\store\debug\store.tlog\cl.command.1.tlog
c:\users\rmaple\onedrive - neumont college of computer science\dev\csc195\csc195\store\debug\store.tlog\cl.read.1.tlog
c:\users\rmaple\onedrive - neumont college of computer science\dev\csc195\csc195\store\debug\store.tlog\cl.write.1.tlog
c:\users\rmaple\onedrive - neumont college of computer science\dev\csc195\csc195\store\debug\store.tlog\link.command.1.tlog
c:\users\rmaple\onedrive - neumont college of computer science\dev\csc195\csc195\store\debug\store.tlog\link.read.1.tlog
c:\users\rmaple\onedrive - neumont college of computer science\dev\csc195\csc195\store\debug\store.tlog\link.write.1.tlog
